d:\uos\new\emergingtechnologies\dxd12\x64\debug\vc141.pdb
d:\uos\new\emergingtechnologies\dxd12\x64\debug\vc141.idb
d:\uos\new\emergingtechnologies\dxd12\x64\debug\main.obj
c:\users\alix\documents\github\imdcgp206-emerging-tech\emergingtechnologies\dxd12\x64\debug\vc141.pdb
c:\users\alix\documents\github\imdcgp206-emerging-tech\emergingtechnologies\dxd12\x64\debug\vc141.idb
c:\users\alix\documents\github\imdcgp206-emerging-tech\emergingtechnologies\dxd12\x64\debug\main.obj
c:\users\alix\documents\github\imdcgp206-emerging-tech\emergingtechnologies\dxd12\x64\debug\d3dx12_application.obj
d:\uos\new\emergingtechnologies\x64\debug\pixelshader.cso
d:\uos\new\emergingtechnologies\x64\debug\vertexshader.cso
c:\users\alix\documents\github\imdcgp206-emerging-tech\emergingtechnologies\x64\debug\pixelshader.cso
c:\users\alix\documents\github\imdcgp206-emerging-tech\emergingtechnologies\x64\debug\vertexshader.cso
d:\uos\new\emergingtechnologies\x64\debug\dxd12.exe
d:\uos\new\emergingtechnologies\x64\debug\dxd12.ilk
d:\uos\new\emergingtechnologies\x64\debug\dxd12.pdb
c:\users\alix\documents\github\imdcgp206-emerging-tech\emergingtechnologies\x64\debug\dxd12.ilk
c:\users\alix\documents\github\imdcgp206-emerging-tech\emergingtechnologies\x64\debug\dxd12.exe
c:\users\alix\documents\github\imdcgp206-emerging-tech\emergingtechnologies\x64\debug\dxd12.pdb
c:\users\alix\documents\github\imdcgp206-emerging-tech\emergingtechnologies\dxd12\x64\debug\dxd12.tlog\cl.command.1.tlog
c:\users\alix\documents\github\imdcgp206-emerging-tech\emergingtechnologies\dxd12\x64\debug\dxd12.tlog\cl.read.1.tlog
c:\users\alix\documents\github\imdcgp206-emerging-tech\emergingtechnologies\dxd12\x64\debug\dxd12.tlog\cl.write.1.tlog
c:\users\alix\documents\github\imdcgp206-emerging-tech\emergingtechnologies\dxd12\x64\debug\dxd12.tlog\dxd12.write.1u.tlog
c:\users\alix\documents\github\imdcgp206-emerging-tech\emergingtechnologies\dxd12\x64\debug\dxd12.tlog\fxc.command.1.tlog
c:\users\alix\documents\github\imdcgp206-emerging-tech\emergingtechnologies\dxd12\x64\debug\dxd12.tlog\fxc.read.1.tlog
c:\users\alix\documents\github\imdcgp206-emerging-tech\emergingtechnologies\dxd12\x64\debug\dxd12.tlog\fxc.write.1.tlog
c:\users\alix\documents\github\imdcgp206-emerging-tech\emergingtechnologies\dxd12\x64\debug\dxd12.tlog\link.command.1.tlog
c:\users\alix\documents\github\imdcgp206-emerging-tech\emergingtechnologies\dxd12\x64\debug\dxd12.tlog\link.read.1.tlog
c:\users\alix\documents\github\imdcgp206-emerging-tech\emergingtechnologies\dxd12\x64\debug\dxd12.tlog\link.write.1.tlog
